<?xml version="1.0" encoding="utf-8" standalone="no"?>
<!--This file represents the results of running a test suite-->
<test-results name="C:\Bilals\FunctionsInternalTrackerSource\FunctionsTracker\Tracker.Business.Tests\bin\Debug\Tracker.Business.Tests.dll" total="4" errors="1" failures="0" not-run="0" inconclusive="0" ignored="0" skipped="0" invalid="0" date="2012-07-18" time="18:57:23">
  <environment nunit-version="2.6.0.12051" clr-version="2.0.50727.4952" os-version="Microsoft Windows NT 6.1.7600.0" platform="Win32NT" cwd="C:\Bilals\FunctionsInternalTrackerSource\FunctionsTracker\packages\NUnit.Runners.2.6.0.12051\tools" machine-name="SHYBW7GMGG7BS-T" user="purov2" user-domain="BP1" />
  <culture-info current-culture="en-IN" current-uiculture="en-US" />
  <test-suite type="Assembly" name="C:\Bilals\FunctionsInternalTrackerSource\FunctionsTracker\Tracker.Business.Tests\bin\Debug\Tracker.Business.Tests.dll" executed="True" result="Failure" success="False" time="1.482" asserts="0">
    <results>
      <test-suite type="Namespace" name="Tracker" executed="True" result="Failure" success="False" time="1.466" asserts="0">
        <results>
          <test-suite type="Namespace" name="Business" executed="True" result="Failure" success="False" time="1.466" asserts="0">
            <results>
              <test-suite type="Namespace" name="Tests" executed="True" result="Failure" success="False" time="1.466" asserts="0">
                <results>
                  <test-suite type="TestFixture" name="ACRStatusTests" executed="True" result="Success" success="True" time="1.139" asserts="0">
                    <categories>
                      <category name="ACR development phase module" />
                    </categories>
                    <results>
                      <test-case name="Tracker.Business.Tests.ACRStatusTests.ACR_Status_Column_Picks_Correct_Status_Value" executed="True" result="Success" success="True" time="1.092" asserts="1" />
                      <test-case name="Tracker.Business.Tests.ACRStatusTests.Correct_ACR_Is_Returned_When_Searched_By_Name" executed="True" result="Success" success="True" time="0.000" asserts="0" />
                      <test-case name="Tracker.Business.Tests.ACRStatusTests.Status_Table_Returns_All_Active_Status" executed="True" result="Success" success="True" time="0.016" asserts="1" />
                    </results>
                  </test-suite>
                  <test-suite type="TestFixture" name="CalculateACREndDate" executed="True" result="Failure" success="False" time="0.328" asserts="0">
                    <results>
                      <test-case name="Tracker.Business.Tests.CalculateACREndDate.Calculate_ACR_End_Date_Based_On_Scheduled_Status_And_StartDate" executed="True" result="Error" success="False" time="0.328" asserts="0">
                        <failure>
                          <message><![CDATA[System.InvalidOperationException : ACR Not Scheduled]]></message>
                          <stack-trace><![CDATA[at TrackerBusiness.ACR.ACRStatus.GetEndDate(DateTime StartDate, Double estimatedEfforts, String acrStatus, Int32 numberOfAssignees) in C:\Bilals\FunctionsInternalTrackerSource\FunctionsTracker\TrackerBusiness\ACR\ACRStatus.cs:line 23
at Tracker.Business.Tests.CalculateACREndDate.Calculate_ACR_End_Date_Based_On_Scheduled_Status_And_StartDate() in C:\Bilals\FunctionsInternalTrackerSource\FunctionsTracker\Tracker.Business.Tests\ACRStatusTests\CalculateACREndDate.cs:line 61
]]></stack-trace>
                        </failure>
                      </test-case>
                    </results>
                  </test-suite>
                </results>
              </test-suite>
            </results>
          </test-suite>
        </results>
      </test-suite>
    </results>
  </test-suite>
</test-results>