<?xml version="1.0" encoding="utf-8" standalone="no"?>
<!--This file represents the results of running a test suite-->
<test-results name="C:\Bilals\FunctionsInternalTrackerSource\FunctionsTracker\Tracker.Business.Tests\bin\Debug\Tracker.Business.Tests.dll" total="2" errors="1" failures="0" not-run="0" inconclusive="0" ignored="0" skipped="0" invalid="0" date="2012-07-17" time="15:54:21">
  <environment nunit-version="2.6.0.12051" clr-version="2.0.50727.4952" os-version="Microsoft Windows NT 6.1.7600.0" platform="Win32NT" cwd="C:\bilals\FunctionsInternalTrackerSource\FunctionsTracker\packages\NUnit.Runners.2.6.0.12051\tools" machine-name="SHYBW7GMGG7BS-T" user="purov2" user-domain="BP1" />
  <culture-info current-culture="en-IN" current-uiculture="en-US" />
  <test-suite type="Assembly" name="C:\Bilals\FunctionsInternalTrackerSource\FunctionsTracker\Tracker.Business.Tests\bin\Debug\Tracker.Business.Tests.dll" executed="True" result="Failure" success="False" time="1.160" asserts="0">
    <results>
      <test-suite type="Namespace" name="Tracker" executed="True" result="Failure" success="False" time="1.150" asserts="0">
        <results>
          <test-suite type="Namespace" name="Business" executed="True" result="Failure" success="False" time="1.140" asserts="0">
            <results>
              <test-suite type="Namespace" name="Tests" executed="True" result="Failure" success="False" time="1.140" asserts="0">
                <results>
                  <test-suite type="TestFixture" name="ACRStatusTests" executed="True" result="Failure" success="False" time="1.140" asserts="0">
                    <categories>
                      <category name="ACR development phase module" />
                    </categories>
                    <results>
                      <test-case name="Tracker.Business.Tests.ACRStatusTests.ACR_Status_Column_Picks_Correct_Status_Value" executed="True" result="Error" success="False" time="0.900" asserts="0">
                        <failure>
                          <message><![CDATA[Moq.MockVerificationException : The following setups were not matched:
IACRRepository a => a.GetACRStatus(It.IsAny<Int32>())
]]></message>
                          <stack-trace><![CDATA[at Moq.Mock.VerifyAll()
at Tracker.Business.Tests.ACRStatusTests.ACR_Status_Column_Picks_Correct_Status_Value() in C:\Bilals\FunctionsInternalTrackerSource\FunctionsTracker\Tracker.Business.Tests\ACRStatusTests.cs:line 74
]]></stack-trace>
                        </failure>
                      </test-case>
                      <test-case name="Tracker.Business.Tests.ACRStatusTests.Status_Table_Returns_All_Active_Status" executed="True" result="Success" success="True" time="0.020" asserts="0" />
                    </results>
                  </test-suite>
                </results>
              </test-suite>
            </results>
          </test-suite>
        </results>
      </test-suite>
    </results>
  </test-suite>
</test-results>